0 verbose cli /Users/carlos.rossi/.nvm/versions/node/v18.18.0/bin/node /Users/carlos.rossi/.nvm/versions/node/v18.18.0/bin/npm
1 info using npm@9.8.1
2 info using node@v18.18.0
3 timing npm:load:whichnode Completed in 1ms
4 timing config:load:defaults Completed in 1ms
5 timing config:load:file:/Users/carlos.rossi/.nvm/versions/node/v18.18.0/lib/node_modules/npm/npmrc Completed in 1ms
6 timing config:load:builtin Completed in 1ms
7 timing config:load:cli Completed in 1ms
8 timing config:load:env Completed in 1ms
9 timing config:load:file:/Users/carlos.rossi/developer/navaja-barber-service/.npmrc Completed in 0ms
10 timing config:load:project Completed in 1ms
11 timing config:load:file:/Users/carlos.rossi/.npmrc Completed in 1ms
12 timing config:load:user Completed in 1ms
13 timing config:load:file:/Users/carlos.rossi/.nvm/versions/node/v18.18.0/etc/npmrc Completed in 1ms
14 timing config:load:global Completed in 1ms
15 timing config:load:setEnvs Completed in 0ms
16 timing config:load Completed in 7ms
17 timing npm:load:configload Completed in 7ms
18 timing config:load:flatten Completed in 2ms
19 timing npm:load:mkdirpcache Completed in 1ms
20 timing npm:load:mkdirplogs Completed in 0ms
21 verbose title npm run format
22 verbose argv "run" "format"
23 timing npm:load:setTitle Completed in 6ms
24 timing npm:load:display Completed in 0ms
25 verbose logfile logs-max:10 dir:/Users/carlos.rossi/developer/navaja-barber-service/npm-cache/_logs/2024-07-18T18_01_07_997Z-
26 verbose logfile /Users/carlos.rossi/developer/navaja-barber-service/npm-cache/_logs/2024-07-18T18_01_07_997Z-debug-0.log
27 timing npm:load:logFile Completed in 5ms
28 timing npm:load:timers Completed in 0ms
29 timing npm:load:configScope Completed in 0ms
30 timing npm:load Completed in 29ms
31 silly logfile start cleaning logs, removing 1 files
32 silly logfile done cleaning log files
33 timing command:run Completed in 3221ms
34 verbose exit 0
35 timing npm Completed in 3279ms
36 info ok
