0 verbose cli /Users/carlos.rossi/.nvm/versions/node/v18.18.0/bin/node /Users/carlos.rossi/.nvm/versions/node/v18.18.0/bin/npm
1 info using npm@9.8.1
2 info using node@v18.18.0
3 timing npm:load:whichnode Completed in 1ms
4 timing config:load:defaults Completed in 1ms
5 timing config:load:file:/Users/carlos.rossi/.nvm/versions/node/v18.18.0/lib/node_modules/npm/npmrc Completed in 1ms
6 timing config:load:builtin Completed in 1ms
7 timing config:load:cli Completed in 1ms
8 timing config:load:env Completed in 0ms
9 timing config:load:file:/Users/carlos.rossi/developer/navaja-barber-service/.npmrc Completed in 0ms
10 timing config:load:project Completed in 2ms
11 timing config:load:file:/Users/carlos.rossi/.npmrc Completed in 1ms
12 timing config:load:user Completed in 1ms
13 timing config:load:file:/Users/carlos.rossi/.nvm/versions/node/v18.18.0/etc/npmrc Completed in 0ms
14 timing config:load:global Completed in 0ms
15 timing config:load:setEnvs Completed in 1ms
16 timing config:load Completed in 8ms
17 timing npm:load:configload Completed in 8ms
18 timing config:load:flatten Completed in 2ms
19 timing npm:load:mkdirpcache Completed in 0ms
20 timing npm:load:mkdirplogs Completed in 0ms
21 verbose title npm run sta
22 verbose argv "run" "sta"
23 timing npm:load:setTitle Completed in 6ms
24 timing npm:load:display Completed in 0ms
25 verbose logfile logs-max:10 dir:/Users/carlos.rossi/developer/navaja-barber-service/npm-cache/_logs/2024-07-17T18_28_31_645Z-
26 verbose logfile /Users/carlos.rossi/developer/navaja-barber-service/npm-cache/_logs/2024-07-17T18_28_31_645Z-debug-0.log
27 timing npm:load:logFile Completed in 5ms
28 timing npm:load:timers Completed in 0ms
29 timing npm:load:configScope Completed in 0ms
30 timing npm:load Completed in 33ms
31 timing command:run Completed in 102ms
32 verbose stack Error: Missing script: "sta"
32 verbose stack
32 verbose stack Did you mean this?
32 verbose stack     npm star # Mark your favorite packages
32 verbose stack
32 verbose stack To see a list of scripts, run:
32 verbose stack   npm run
32 verbose stack     at RunScript.run (/Users/carlos.rossi/.nvm/versions/node/v18.18.0/lib/node_modules/npm/lib/commands/run-script.js:94:13)
32 verbose stack     at async module.exports (/Users/carlos.rossi/.nvm/versions/node/v18.18.0/lib/node_modules/npm/lib/cli-entry.js:61:5)
33 verbose cwd /Users/carlos.rossi/developer/navaja-barber-service
34 verbose Darwin 23.5.0
35 verbose node v18.18.0
36 verbose npm  v9.8.1
37 error Missing script: "sta"
37 error
37 error Did you mean this?
37 error     npm star # Mark your favorite packages
37 error
37 error To see a list of scripts, run:
37 error   npm run
38 verbose exit 1
39 timing npm Completed in 168ms
40 verbose code 1
41 error A complete log of this run can be found in: /Users/carlos.rossi/developer/navaja-barber-service/npm-cache/_logs/2024-07-17T18_28_31_645Z-debug-0.log
